## SLURM PROLOG ###############################################################
##    Job ID : 12591988
##  Job Name : run.sh
##  Nodelist : gpu2008
##      CPUs : 1
##   Mem/CPU : 2800 MB
## Directory : /oscar/home/xwang356/final report
##   Job Started : Thu Dec 21 21:51:25 EST 2023
###############################################################################
Thu Dec 21 21:51:25 2023       
+---------------------------------------------------------------------------------------+
| NVIDIA-SMI 535.54.03              Driver Version: 535.54.03    CUDA Version: 12.2     |
|-----------------------------------------+----------------------+----------------------+
| GPU  Name                 Persistence-M | Bus-Id        Disp.A | Volatile Uncorr. ECC |
| Fan  Temp   Perf          Pwr:Usage/Cap |         Memory-Usage | GPU-Util  Compute M. |
|                                         |                      |               MIG M. |
|=========================================+======================+======================|
|   0  Quadro RTX 6000                Off | 00000000:63:00.0 Off |                  Off |
| 33%   28C    P8               8W / 260W |     10MiB / 24576MiB |      0%      Default |
|                                         |                      |                  N/A |
+-----------------------------------------+----------------------+----------------------+
                                                                                         
+---------------------------------------------------------------------------------------+
| Processes:                                                                            |
|  GPU   GI   CI        PID   Type   Process name                            GPU Memory |
|        ID   ID                                                             Usage      |
|=======================================================================================|
|    0   N/A  N/A     22451      G   X                                             8MiB |
+---------------------------------------------------------------------------------------+
Total Iterations: 26
Converged after 26 iterations.
Ending timer, time: 8241 ms
Generating '/tmp/nsys-report-467f.qdstrm'
[1/1] [0%                          ] report1.nsys-rep[1/1] [0%                          ] report1.nsys-rep[1/1] [=================74%        ] report1.nsys-rep[1/1] [4%                          ] report1.nsys-rep[1/1] [===========51%              ] report1.nsys-rep[1/1] [====25%                     ] report1.nsys-rep[1/1] [===========50%              ] report1.nsys-rep[1/1] [=============58%            ] report1.nsys-rep[1/1] [===============66%          ] report1.nsys-rep[1/1] [=================74%        ] report1.nsys-rep[1/1] [===================82%      ] report1.nsys-rep[1/1] [====================85%     ] report1.nsys-rep[1/1] [========================100%] report1.nsys-rep[1/1] [========================100%] report1.nsys-rep
Generated:
    /oscar/home/xwang356/final report/report1.nsys-rep
